2024-09-11 13:13:27 [background-preinit] INFO  : HV000001: Hibernate Validator 8.0.1.Final
2024-09-11 13:13:28 [restartedMain] INFO  : Starting BmsSpringBootRestDataProjectApplication using Java 17.0.8 with PID 25584 (D:\Poongs\eclipse-workspace\aug-2024-workspace\bms-spring-boot-rest-data-project.zip_expanded\bms-spring-boot-rest-data-project\target\classes started by Poongs in D:\Poongs\eclipse-workspace\aug-2024-workspace\bms-spring-boot-rest-data-project.zip_expanded\bms-spring-boot-rest-data-project)
2024-09-11 13:13:28 [restartedMain] INFO  : No active profile set, falling back to 1 default profile: "default"
2024-09-11 13:13:28 [restartedMain] INFO  : The Class-Path manifest attribute in C:\Users\Poongs\.m2\repository\com\oracle\database\jdbc\ojdbc11\21.9.0.0\ojdbc11-21.9.0.0.jar referenced one or more files that do not exist: file:/C:/Users/Poongs/.m2/repository/com/oracle/database/jdbc/ojdbc11/21.9.0.0/oraclepki.jar
2024-09-11 13:13:28 [restartedMain] INFO  : Devtools property defaults active! Set 'spring.devtools.add-properties' to 'false' to disable
2024-09-11 13:13:28 [restartedMain] INFO  : For additional web related logging consider setting the 'logging.level.web' property to 'DEBUG'
2024-09-11 13:13:32 [restartedMain] INFO  : Bootstrapping Spring Data JPA repositories in DEFAULT mode.
2024-09-11 13:13:33 [restartedMain] INFO  : Finished Spring Data repository scanning in 214 ms. Found 2 JPA repository interfaces.
2024-09-11 13:13:35 [restartedMain] INFO  : Tomcat initialized with port 7777 (http)
2024-09-11 13:13:36 [restartedMain] INFO  : Initializing ProtocolHandler ["http-nio-7777"]
2024-09-11 13:13:36 [restartedMain] INFO  : Starting service [Tomcat]
2024-09-11 13:13:36 [restartedMain] INFO  : Starting Servlet engine: [Apache Tomcat/10.1.28]
2024-09-11 13:13:36 [restartedMain] INFO  : Initializing Spring embedded WebApplicationContext
2024-09-11 13:13:36 [restartedMain] INFO  : Root WebApplicationContext: initialization completed in 7804 ms
2024-09-11 13:13:37 [restartedMain] INFO  : HHH000204: Processing PersistenceUnitInfo [name: default]
2024-09-11 13:13:37 [restartedMain] INFO  : HHH000412: Hibernate ORM core version 6.5.2.Final
2024-09-11 13:13:37 [restartedMain] INFO  : HHH000026: Second-level cache disabled
2024-09-11 13:13:39 [restartedMain] INFO  : No LoadTimeWeaver setup: ignoring JPA class transformer
2024-09-11 13:13:39 [restartedMain] INFO  : HikariPool-1 - Starting...
2024-09-11 13:13:43 [restartedMain] INFO  : HikariPool-1 - Added connection oracle.jdbc.driver.T4CConnection@2c94a9a5
2024-09-11 13:13:43 [restartedMain] INFO  : HikariPool-1 - Start completed.
2024-09-11 13:13:47 [restartedMain] INFO  : HHH000489: No JTA platform available (set 'hibernate.transaction.jta.platform' to enable JTA platform integration)
2024-09-11 13:13:51 [restartedMain] INFO  : Initialized JPA EntityManagerFactory for persistence unit 'default'
2024-09-11 13:13:52 [restartedMain] INFO  : Hibernate is in classpath; If applicable, HQL parser will be used.
2024-09-11 13:13:52 [restartedMain] WARN  : spring.jpa.open-in-view is enabled by default. Therefore, database queries may be performed during view rendering. Explicitly configure spring.jpa.open-in-view to disable this warning
2024-09-11 13:13:55 [restartedMain] INFO  : LiveReload server is running on port 35729
2024-09-11 13:13:55 [restartedMain] INFO  : Starting ProtocolHandler ["http-nio-7777"]
2024-09-11 13:13:55 [restartedMain] INFO  : Tomcat started on port 7777 (http) with context path '/'
2024-09-11 13:13:55 [restartedMain] INFO  : Started BmsSpringBootRestDataProjectApplication in 30.674 seconds (process running for 34.168)
2024-09-11 13:14:45 [http-nio-7777-exec-1] INFO  : Initializing Spring DispatcherServlet 'dispatcherServlet'
2024-09-11 13:14:45 [http-nio-7777-exec-1] INFO  : Initializing Servlet 'dispatcherServlet'
2024-09-11 13:14:45 [http-nio-7777-exec-1] INFO  : Completed initialization in 5 ms
2024-09-11 13:14:45 [http-nio-7777-exec-1] INFO  : Entered fetchAllBooks()...
2024-09-11 13:14:49 [http-nio-7777-exec-1] INFO  : Exiting fetchAllBooks()...
2024-09-11 14:35:06 [HikariPool-1 housekeeper] WARN  : HikariPool-1 - Thread starvation or clock leap detected (housekeeper delta=1h6m53s102ms196µs400ns).
2024-09-11 14:56:00 [HikariPool-1 housekeeper] WARN  : HikariPool-1 - Thread starvation or clock leap detected (housekeeper delta=3m54s127ms28µs800ns).
2024-09-11 15:58:23 [background-preinit] INFO  : HV000001: Hibernate Validator 8.0.1.Final
2024-09-11 15:58:23 [restartedMain] INFO  : Starting BmsSpringBootRestDataProjectApplication using Java 17.0.8 with PID 34120 (D:\Poongs\eclipse-workspace\aug-2024-workspace\bms-spring-boot-rest-data-project.zip_expanded\bms-spring-boot-rest-data-project\target\classes started by Poongs in D:\Poongs\eclipse-workspace\aug-2024-workspace\bms-spring-boot-rest-data-project.zip_expanded\bms-spring-boot-rest-data-project)
2024-09-11 15:58:23 [restartedMain] INFO  : No active profile set, falling back to 1 default profile: "default"
2024-09-11 15:58:23 [restartedMain] INFO  : The Class-Path manifest attribute in C:\Users\Poongs\.m2\repository\com\oracle\database\jdbc\ojdbc11\21.9.0.0\ojdbc11-21.9.0.0.jar referenced one or more files that do not exist: file:/C:/Users/Poongs/.m2/repository/com/oracle/database/jdbc/ojdbc11/21.9.0.0/oraclepki.jar
2024-09-11 15:58:23 [restartedMain] INFO  : Devtools property defaults active! Set 'spring.devtools.add-properties' to 'false' to disable
2024-09-11 15:58:23 [restartedMain] INFO  : For additional web related logging consider setting the 'logging.level.web' property to 'DEBUG'
2024-09-11 15:58:26 [restartedMain] INFO  : Bootstrapping Spring Data JPA repositories in DEFAULT mode.
2024-09-11 15:58:26 [restartedMain] INFO  : Finished Spring Data repository scanning in 183 ms. Found 2 JPA repository interfaces.
2024-09-11 15:58:29 [restartedMain] INFO  : Tomcat initialized with port 7777 (http)
2024-09-11 15:58:29 [restartedMain] INFO  : Initializing ProtocolHandler ["http-nio-7777"]
2024-09-11 15:58:29 [restartedMain] INFO  : Starting service [Tomcat]
2024-09-11 15:58:29 [restartedMain] INFO  : Starting Servlet engine: [Apache Tomcat/10.1.28]
2024-09-11 15:58:30 [restartedMain] INFO  : Initializing Spring embedded WebApplicationContext
2024-09-11 15:58:30 [restartedMain] INFO  : Root WebApplicationContext: initialization completed in 6684 ms
2024-09-11 15:58:30 [restartedMain] INFO  : HHH000204: Processing PersistenceUnitInfo [name: default]
2024-09-11 15:58:31 [restartedMain] INFO  : HHH000412: Hibernate ORM core version 6.5.2.Final
2024-09-11 15:58:31 [restartedMain] INFO  : HHH000026: Second-level cache disabled
2024-09-11 15:58:32 [restartedMain] INFO  : No LoadTimeWeaver setup: ignoring JPA class transformer
2024-09-11 15:58:32 [restartedMain] INFO  : HikariPool-1 - Starting...
2024-09-11 15:58:35 [restartedMain] INFO  : HikariPool-1 - Added connection oracle.jdbc.driver.T4CConnection@1e2d0ea0
2024-09-11 15:58:35 [restartedMain] INFO  : HikariPool-1 - Start completed.
2024-09-11 15:58:40 [restartedMain] INFO  : HHH000489: No JTA platform available (set 'hibernate.transaction.jta.platform' to enable JTA platform integration)
2024-09-11 15:58:43 [restartedMain] INFO  : Initialized JPA EntityManagerFactory for persistence unit 'default'
2024-09-11 15:58:45 [restartedMain] INFO  : Hibernate is in classpath; If applicable, HQL parser will be used.
2024-09-11 15:58:46 [restartedMain] WARN  : spring.jpa.open-in-view is enabled by default. Therefore, database queries may be performed during view rendering. Explicitly configure spring.jpa.open-in-view to disable this warning
2024-09-11 15:58:51 [restartedMain] INFO  : LiveReload server is running on port 35729
2024-09-11 15:58:51 [restartedMain] INFO  : Starting ProtocolHandler ["http-nio-7777"]
2024-09-11 15:58:52 [restartedMain] INFO  : Tomcat started on port 7777 (http) with context path '/'
2024-09-11 15:58:52 [restartedMain] INFO  : Started BmsSpringBootRestDataProjectApplication in 30.094 seconds (process running for 31.827)
2024-09-11 15:59:11 [http-nio-7777-exec-1] INFO  : Initializing Spring DispatcherServlet 'dispatcherServlet'
2024-09-11 15:59:11 [http-nio-7777-exec-1] INFO  : Initializing Servlet 'dispatcherServlet'
2024-09-11 15:59:11 [http-nio-7777-exec-1] INFO  : Completed initialization in 1 ms
2024-09-11 19:11:46 [HikariPool-1 housekeeper] WARN  : HikariPool-1 - Thread starvation or clock leap detected (housekeeper delta=38m7s836ms322µs100ns).
2024-09-11 20:10:33 [HikariPool-1 housekeeper] WARN  : HikariPool-1 - Thread starvation or clock leap detected (housekeeper delta=58m49s909ms351µs200ns).
