2024-09-11 10:18:11 [restartedMain] INFO  : Starting SpringDataRestH2DemoApplication using Java 17.0.8 with PID 9192 (D:\Poongs\eclipse-workspace\aug-2024-workspace\spring-data-rest-h2-demo.zip_expanded\spring-data-rest-h2-demo\target\classes started by Poongs in D:\Poongs\eclipse-workspace\aug-2024-workspace\spring-data-rest-h2-demo.zip_expanded\spring-data-rest-h2-demo)
2024-09-11 10:18:11 [restartedMain] INFO  : No active profile set, falling back to 1 default profile: "default"
2024-09-11 10:18:11 [restartedMain] INFO  : Devtools property defaults active! Set 'spring.devtools.add-properties' to 'false' to disable
2024-09-11 10:18:11 [restartedMain] INFO  : For additional web related logging consider setting the 'logging.level.web' property to 'DEBUG'
2024-09-11 10:18:13 [restartedMain] INFO  : Bootstrapping Spring Data JPA repositories in DEFAULT mode.
2024-09-11 10:18:13 [restartedMain] INFO  : Finished Spring Data repository scanning in 53 ms. Found 3 JPA repository interfaces.
2024-09-11 10:18:14 [restartedMain] INFO  : Tomcat initialized with port 5555 (http)
2024-09-11 10:18:14 [restartedMain] INFO  : Initializing ProtocolHandler ["http-nio-5555"]
2024-09-11 10:18:14 [restartedMain] INFO  : Starting service [Tomcat]
2024-09-11 10:18:14 [restartedMain] INFO  : Starting Servlet engine: [Apache Tomcat/10.1.28]
2024-09-11 10:18:14 [restartedMain] INFO  : Initializing Spring embedded WebApplicationContext
2024-09-11 10:18:14 [restartedMain] INFO  : Root WebApplicationContext: initialization completed in 2439 ms
2024-09-11 10:18:14 [restartedMain] INFO  : HikariPool-1 - Starting...
2024-09-11 10:18:14 [restartedMain] INFO  : HikariPool-1 - Added connection conn0: url=jdbc:h2:mem:testdb user=SA
2024-09-11 10:18:14 [restartedMain] INFO  : HikariPool-1 - Start completed.
2024-09-11 10:18:14 [restartedMain] INFO  : H2 console available at '/h2-console'. Database available at 'jdbc:h2:mem:testdb'
2024-09-11 10:18:14 [restartedMain] INFO  : HHH000204: Processing PersistenceUnitInfo [name: default]
2024-09-11 10:18:15 [restartedMain] INFO  : HHH000412: Hibernate ORM core version 6.5.2.Final
2024-09-11 10:18:15 [restartedMain] INFO  : HHH000026: Second-level cache disabled
2024-09-11 10:18:15 [restartedMain] INFO  : No LoadTimeWeaver setup: ignoring JPA class transformer
2024-09-11 10:18:16 [restartedMain] INFO  : HHH000489: No JTA platform available (set 'hibernate.transaction.jta.platform' to enable JTA platform integration)
2024-09-11 10:18:16 [restartedMain] INFO  : Initialized JPA EntityManagerFactory for persistence unit 'default'
2024-09-11 10:18:17 [restartedMain] WARN  : spring.jpa.open-in-view is enabled by default. Therefore, database queries may be performed during view rendering. Explicitly configure spring.jpa.open-in-view to disable this warning
2024-09-11 10:18:19 [restartedMain] INFO  : LiveReload server is running on port 35729
2024-09-11 10:18:19 [restartedMain] INFO  : Starting ProtocolHandler ["http-nio-5555"]
2024-09-11 10:18:19 [restartedMain] INFO  : Tomcat started on port 5555 (http) with context path '/'
2024-09-11 10:18:19 [restartedMain] INFO  : Started SpringDataRestH2DemoApplication in 9.638 seconds (process running for 10.082)
2024-09-11 10:18:19 [restartedMain] INFO  : heelo this is log!!
2024-09-11 10:21:27 [File Watcher] INFO  : Restarting due to 1 class path change (0 additions, 0 deletions, 1 modification)
2024-09-11 10:21:27 [Thread-5] INFO  : Stopping ProtocolHandler ["http-nio-5555"]
2024-09-11 10:21:28 [Thread-5] INFO  : Closing JPA EntityManagerFactory for persistence unit 'default'
2024-09-11 10:21:28 [Thread-5] WARN  : Invocation of destroy method failed on bean with name 'inMemoryDatabaseShutdownExecutor': org.h2.jdbc.JdbcSQLNonTransientConnectionException: Database is already closed (to disable automatic closing at VM shutdown, add ";DB_CLOSE_ON_EXIT=FALSE" to the db URL) [90121-224]
2024-09-11 10:21:28 [Thread-5] INFO  : HikariPool-1 - Shutdown initiated...
2024-09-11 10:21:28 [Thread-5] INFO  : HikariPool-1 - Shutdown completed.
2024-09-11 10:21:28 [restartedMain] INFO  : Starting SpringDataRestH2DemoApplication using Java 17.0.8 with PID 9192 (D:\Poongs\eclipse-workspace\aug-2024-workspace\spring-data-rest-h2-demo.zip_expanded\spring-data-rest-h2-demo\target\classes started by Poongs in D:\Poongs\eclipse-workspace\aug-2024-workspace\spring-data-rest-h2-demo.zip_expanded\spring-data-rest-h2-demo)
2024-09-11 10:21:28 [restartedMain] INFO  : No active profile set, falling back to 1 default profile: "default"
2024-09-11 10:21:28 [restartedMain] INFO  : Bootstrapping Spring Data JPA repositories in DEFAULT mode.
2024-09-11 10:21:28 [restartedMain] INFO  : Finished Spring Data repository scanning in 14 ms. Found 3 JPA repository interfaces.
2024-09-11 10:21:28 [restartedMain] INFO  : Tomcat initialized with port 5555 (http)
2024-09-11 10:21:28 [restartedMain] INFO  : Initializing ProtocolHandler ["http-nio-5555"]
2024-09-11 10:21:28 [restartedMain] INFO  : Starting service [Tomcat]
2024-09-11 10:21:28 [restartedMain] INFO  : Starting Servlet engine: [Apache Tomcat/10.1.28]
2024-09-11 10:21:28 [restartedMain] INFO  : Initializing Spring embedded WebApplicationContext
2024-09-11 10:21:28 [restartedMain] INFO  : Root WebApplicationContext: initialization completed in 442 ms
2024-09-11 10:21:28 [restartedMain] INFO  : HikariPool-2 - Starting...
2024-09-11 10:21:28 [restartedMain] INFO  : HikariPool-2 - Added connection conn10: url=jdbc:h2:mem:testdb user=SA
2024-09-11 10:21:28 [restartedMain] INFO  : HikariPool-2 - Start completed.
2024-09-11 10:21:28 [restartedMain] INFO  : H2 console available at '/h2-console'. Database available at 'jdbc:h2:mem:testdb'
2024-09-11 10:21:28 [restartedMain] INFO  : HHH000204: Processing PersistenceUnitInfo [name: default]
2024-09-11 10:21:28 [restartedMain] INFO  : HHH000026: Second-level cache disabled
2024-09-11 10:21:28 [restartedMain] INFO  : No LoadTimeWeaver setup: ignoring JPA class transformer
2024-09-11 10:21:28 [restartedMain] ERROR : Failed to initialize JPA EntityManagerFactory: Entity 'com.demo.spring_data_rest_h2_demo.UserLogin' has no identifier (every '@Entity' class must declare or inherit at least one '@Id' or '@EmbeddedId' property)
2024-09-11 10:21:28 [restartedMain] WARN  : Exception encountered during context initialization - cancelling refresh attempt: org.springframework.beans.factory.BeanCreationException: Error creating bean with name 'entityManagerFactory' defined in class path resource [org/springframework/boot/autoconfigure/orm/jpa/HibernateJpaConfiguration.class]: Entity 'com.demo.spring_data_rest_h2_demo.UserLogin' has no identifier (every '@Entity' class must declare or inherit at least one '@Id' or '@EmbeddedId' property)
2024-09-11 10:21:28 [restartedMain] WARN  : Invocation of destroy method failed on bean with name 'inMemoryDatabaseShutdownExecutor': org.h2.jdbc.JdbcSQLNonTransientConnectionException: Database is already closed (to disable automatic closing at VM shutdown, add ";DB_CLOSE_ON_EXIT=FALSE" to the db URL) [90121-224]
2024-09-11 10:21:28 [restartedMain] INFO  : HikariPool-2 - Shutdown initiated...
2024-09-11 10:21:28 [restartedMain] INFO  : HikariPool-2 - Shutdown completed.
2024-09-11 10:21:28 [restartedMain] INFO  : Stopping service [Tomcat]
2024-09-11 10:21:28 [restartedMain] INFO  : 

Error starting ApplicationContext. To display the condition evaluation report re-run your application with 'debug' enabled.
2024-09-11 10:21:28 [restartedMain] ERROR : Application run failed
org.springframework.beans.factory.BeanCreationException: Error creating bean with name 'entityManagerFactory' defined in class path resource [org/springframework/boot/autoconfigure/orm/jpa/HibernateJpaConfiguration.class]: Entity 'com.demo.spring_data_rest_h2_demo.UserLogin' has no identifier (every '@Entity' class must declare or inherit at least one '@Id' or '@EmbeddedId' property)
	at org.springframework.beans.factory.support.AbstractAutowireCapableBeanFactory.initializeBean(AbstractAutowireCapableBeanFactory.java:1806)
	at org.springframework.beans.factory.support.AbstractAutowireCapableBeanFactory.doCreateBean(AbstractAutowireCapableBeanFactory.java:600)
	at org.springframework.beans.factory.support.AbstractAutowireCapableBeanFactory.createBean(AbstractAutowireCapableBeanFactory.java:522)
	at org.springframework.beans.factory.support.AbstractBeanFactory.lambda$doGetBean$0(AbstractBeanFactory.java:337)
	at org.springframework.beans.factory.support.DefaultSingletonBeanRegistry.getSingleton(DefaultSingletonBeanRegistry.java:234)
	at org.springframework.beans.factory.support.AbstractBeanFactory.doGetBean(AbstractBeanFactory.java:335)
	at org.springframework.beans.factory.support.AbstractBeanFactory.getBean(AbstractBeanFactory.java:205)
	at org.springframework.context.support.AbstractApplicationContext.finishBeanFactoryInitialization(AbstractApplicationContext.java:954)
	at org.springframework.context.support.AbstractApplicationContext.refresh(AbstractApplicationContext.java:625)
	at org.springframework.boot.web.servlet.context.ServletWebServerApplicationContext.refresh(ServletWebServerApplicationContext.java:146)
	at org.springframework.boot.SpringApplication.refresh(SpringApplication.java:754)
	at org.springframework.boot.SpringApplication.refreshContext(SpringApplication.java:456)
	at org.springframework.boot.SpringApplication.run(SpringApplication.java:335)
	at org.springframework.boot.SpringApplication.run(SpringApplication.java:1363)
	at org.springframework.boot.SpringApplication.run(SpringApplication.java:1352)
	at com.demo.spring_data_rest_h2_demo.SpringDataRestH2DemoApplication.main(SpringDataRestH2DemoApplication.java:13)
	at java.base/jdk.internal.reflect.NativeMethodAccessorImpl.invoke0(Native Method)
	at java.base/jdk.internal.reflect.NativeMethodAccessorImpl.invoke(NativeMethodAccessorImpl.java:77)
	at java.base/jdk.internal.reflect.DelegatingMethodAccessorImpl.invoke(DelegatingMethodAccessorImpl.java:43)
	at java.base/java.lang.reflect.Method.invoke(Method.java:568)
	at org.springframework.boot.devtools.restart.RestartLauncher.run(RestartLauncher.java:50)
Caused by: org.hibernate.AnnotationException: Entity 'com.demo.spring_data_rest_h2_demo.UserLogin' has no identifier (every '@Entity' class must declare or inherit at least one '@Id' or '@EmbeddedId' property)
	at org.hibernate.boot.model.internal.InheritanceState.determineDefaultAccessType(InheritanceState.java:279)
	at org.hibernate.boot.model.internal.InheritanceState.getElementsToProcess(InheritanceState.java:215)
	at org.hibernate.boot.model.internal.InheritanceState.postProcess(InheritanceState.java:160)
	at org.hibernate.boot.model.internal.EntityBinder.handleIdentifier(EntityBinder.java:407)
	at org.hibernate.boot.model.internal.EntityBinder.bindEntityClass(EntityBinder.java:248)
	at org.hibernate.boot.model.internal.AnnotationBinder.bindClass(AnnotationBinder.java:399)
	at org.hibernate.boot.model.source.internal.annotations.AnnotationMetadataSourceProcessorImpl.processEntityHierarchies(AnnotationMetadataSourceProcessorImpl.java:259)
	at org.hibernate.boot.model.process.spi.MetadataBuildingProcess$1.processEntityHierarchies(MetadataBuildingProcess.java:281)
	at org.hibernate.boot.model.process.spi.MetadataBuildingProcess.complete(MetadataBuildingProcess.java:324)
	at org.hibernate.jpa.boot.internal.EntityManagerFactoryBuilderImpl.metadata(EntityManagerFactoryBuilderImpl.java:1431)
	at org.hibernate.jpa.boot.internal.EntityManagerFactoryBuilderImpl.build(EntityManagerFactoryBuilderImpl.java:1502)
	at org.springframework.orm.jpa.vendor.SpringHibernateJpaPersistenceProvider.createContainerEntityManagerFactory(SpringHibernateJpaPersistenceProvider.java:75)
	at org.springframework.orm.jpa.LocalContainerEntityManagerFactoryBean.createNativeEntityManagerFactory(LocalContainerEntityManagerFactoryBean.java:390)
	at org.springframework.orm.jpa.AbstractEntityManagerFactoryBean.buildNativeEntityManagerFactory(AbstractEntityManagerFactoryBean.java:409)
	at org.springframework.orm.jpa.AbstractEntityManagerFactoryBean.afterPropertiesSet(AbstractEntityManagerFactoryBean.java:396)
	at org.springframework.orm.jpa.LocalContainerEntityManagerFactoryBean.afterPropertiesSet(LocalContainerEntityManagerFactoryBean.java:366)
	at org.springframework.beans.factory.support.AbstractAutowireCapableBeanFactory.invokeInitMethods(AbstractAutowireCapableBeanFactory.java:1853)
	at org.springframework.beans.factory.support.AbstractAutowireCapableBeanFactory.initializeBean(AbstractAutowireCapableBeanFactory.java:1802)
	... 20 common frames omitted
2024-09-11 10:21:53 [restartedMain] INFO  : Starting SpringDataRestH2DemoApplication using Java 17.0.8 with PID 9192 (D:\Poongs\eclipse-workspace\aug-2024-workspace\spring-data-rest-h2-demo.zip_expanded\spring-data-rest-h2-demo\target\classes started by Poongs in D:\Poongs\eclipse-workspace\aug-2024-workspace\spring-data-rest-h2-demo.zip_expanded\spring-data-rest-h2-demo)
2024-09-11 10:21:53 [restartedMain] INFO  : No active profile set, falling back to 1 default profile: "default"
2024-09-11 10:21:53 [restartedMain] INFO  : Bootstrapping Spring Data JPA repositories in DEFAULT mode.
2024-09-11 10:21:53 [restartedMain] INFO  : Finished Spring Data repository scanning in 12 ms. Found 3 JPA repository interfaces.
2024-09-11 10:21:53 [restartedMain] INFO  : Tomcat initialized with port 5555 (http)
2024-09-11 10:21:53 [restartedMain] INFO  : Initializing ProtocolHandler ["http-nio-5555"]
2024-09-11 10:21:53 [restartedMain] INFO  : Starting service [Tomcat]
2024-09-11 10:21:53 [restartedMain] INFO  : Starting Servlet engine: [Apache Tomcat/10.1.28]
2024-09-11 10:21:53 [restartedMain] INFO  : Initializing Spring embedded WebApplicationContext
2024-09-11 10:21:53 [restartedMain] INFO  : Root WebApplicationContext: initialization completed in 403 ms
2024-09-11 10:21:54 [restartedMain] INFO  : HikariPool-3 - Starting...
2024-09-11 10:21:54 [restartedMain] INFO  : HikariPool-3 - Added connection conn11: url=jdbc:h2:mem:testdb user=SA
2024-09-11 10:21:54 [restartedMain] INFO  : HikariPool-3 - Start completed.
2024-09-11 10:21:54 [restartedMain] INFO  : H2 console available at '/h2-console'. Database available at 'jdbc:h2:mem:testdb'
2024-09-11 10:21:54 [restartedMain] INFO  : HHH000204: Processing PersistenceUnitInfo [name: default]
2024-09-11 10:21:54 [restartedMain] INFO  : HHH000026: Second-level cache disabled
2024-09-11 10:21:54 [restartedMain] INFO  : No LoadTimeWeaver setup: ignoring JPA class transformer
2024-09-11 10:21:54 [restartedMain] INFO  : HHH000489: No JTA platform available (set 'hibernate.transaction.jta.platform' to enable JTA platform integration)
2024-09-11 10:21:54 [restartedMain] INFO  : Initialized JPA EntityManagerFactory for persistence unit 'default'
2024-09-11 10:21:54 [restartedMain] WARN  : spring.jpa.open-in-view is enabled by default. Therefore, database queries may be performed during view rendering. Explicitly configure spring.jpa.open-in-view to disable this warning
2024-09-11 10:21:55 [restartedMain] INFO  : LiveReload server is running on port 35729
2024-09-11 10:21:55 [restartedMain] INFO  : Starting ProtocolHandler ["http-nio-5555"]
2024-09-11 10:21:55 [restartedMain] INFO  : Tomcat started on port 5555 (http) with context path '/'
2024-09-11 10:21:55 [restartedMain] INFO  : Started SpringDataRestH2DemoApplication in 1.816 seconds (process running for 225.528)
2024-09-11 10:21:55 [restartedMain] INFO  : Condition evaluation unchanged
2024-09-11 10:21:55 [restartedMain] INFO  : heelo this is log!!
2024-09-11 10:24:06 [File Watcher] INFO  : Restarting due to 1 class path change (0 additions, 0 deletions, 1 modification)
2024-09-11 10:24:06 [Thread-7] INFO  : Stopping ProtocolHandler ["http-nio-5555"]
2024-09-11 10:24:06 [Thread-7] INFO  : Closing JPA EntityManagerFactory for persistence unit 'default'
2024-09-11 10:24:06 [Thread-7] WARN  : Invocation of destroy method failed on bean with name 'inMemoryDatabaseShutdownExecutor': org.h2.jdbc.JdbcSQLNonTransientConnectionException: Database is already closed (to disable automatic closing at VM shutdown, add ";DB_CLOSE_ON_EXIT=FALSE" to the db URL) [90121-224]
2024-09-11 10:24:06 [Thread-7] INFO  : HikariPool-3 - Shutdown initiated...
2024-09-11 10:24:06 [Thread-7] INFO  : HikariPool-3 - Shutdown completed.
2024-09-11 10:24:06 [restartedMain] INFO  : Starting SpringDataRestH2DemoApplication using Java 17.0.8 with PID 9192 (D:\Poongs\eclipse-workspace\aug-2024-workspace\spring-data-rest-h2-demo.zip_expanded\spring-data-rest-h2-demo\target\classes started by Poongs in D:\Poongs\eclipse-workspace\aug-2024-workspace\spring-data-rest-h2-demo.zip_expanded\spring-data-rest-h2-demo)
2024-09-11 10:24:06 [restartedMain] INFO  : No active profile set, falling back to 1 default profile: "default"
2024-09-11 10:24:07 [restartedMain] INFO  : Bootstrapping Spring Data JPA repositories in DEFAULT mode.
2024-09-11 10:24:07 [restartedMain] INFO  : Finished Spring Data repository scanning in 11 ms. Found 3 JPA repository interfaces.
2024-09-11 10:24:07 [restartedMain] INFO  : Tomcat initialized with port 5555 (http)
2024-09-11 10:24:07 [restartedMain] INFO  : Initializing ProtocolHandler ["http-nio-5555"]
2024-09-11 10:24:07 [restartedMain] INFO  : Starting service [Tomcat]
2024-09-11 10:24:07 [restartedMain] INFO  : Starting Servlet engine: [Apache Tomcat/10.1.28]
2024-09-11 10:24:07 [restartedMain] INFO  : Initializing Spring embedded WebApplicationContext
2024-09-11 10:24:07 [restartedMain] INFO  : Root WebApplicationContext: initialization completed in 343 ms
2024-09-11 10:24:07 [restartedMain] INFO  : HikariPool-4 - Starting...
2024-09-11 10:24:07 [restartedMain] INFO  : HikariPool-4 - Added connection conn21: url=jdbc:h2:mem:testdb user=SA
2024-09-11 10:24:07 [restartedMain] INFO  : HikariPool-4 - Start completed.
2024-09-11 10:24:07 [restartedMain] INFO  : H2 console available at '/h2-console'. Database available at 'jdbc:h2:mem:testdb'
2024-09-11 10:24:07 [restartedMain] INFO  : HHH000204: Processing PersistenceUnitInfo [name: default]
2024-09-11 10:24:07 [restartedMain] INFO  : HHH000026: Second-level cache disabled
2024-09-11 10:24:07 [restartedMain] INFO  : No LoadTimeWeaver setup: ignoring JPA class transformer
2024-09-11 10:24:07 [restartedMain] INFO  : HHH000489: No JTA platform available (set 'hibernate.transaction.jta.platform' to enable JTA platform integration)
2024-09-11 10:24:07 [restartedMain] INFO  : Initialized JPA EntityManagerFactory for persistence unit 'default'
2024-09-11 10:24:07 [restartedMain] WARN  : spring.jpa.open-in-view is enabled by default. Therefore, database queries may be performed during view rendering. Explicitly configure spring.jpa.open-in-view to disable this warning
2024-09-11 10:24:08 [restartedMain] INFO  : LiveReload server is running on port 35729
2024-09-11 10:24:08 [restartedMain] INFO  : Starting ProtocolHandler ["http-nio-5555"]
2024-09-11 10:24:08 [restartedMain] INFO  : Tomcat started on port 5555 (http) with context path '/'
2024-09-11 10:24:08 [restartedMain] INFO  : Started SpringDataRestH2DemoApplication in 1.529 seconds (process running for 358.575)
2024-09-11 10:24:08 [restartedMain] INFO  : Condition evaluation unchanged
2024-09-11 10:24:08 [restartedMain] INFO  : heelo this is log!!
